2017-11-10 15:28:07,201 [10] LogHelper INFO  平台版本：4.0.30319.42000
2017-11-10 15:28:07,214 [10] LogHelper INFO  操作系统：Microsoft Windows NT 6.1.7601 Service Pack 1
2017-11-10 15:28:07,215 [10] LogHelper INFO  浏览器版本：11.0.9600.16428
2017-11-10 15:28:07,216 [10] LogHelper INFO  管理员身份：True
2017-11-10 15:28:07,216 [10] LogHelper INFO  64位操作系统：True
2017-11-10 15:28:07,216 [10] LogHelper INFO  64位方式运行：True
2017-11-10 15:28:07,216 [10] LogHelper INFO  程序基路径：F:\myGitHub\gov\gov\bin\Release\
2017-11-10 15:28:07,216 [10] LogHelper INFO  当前路径：F:\myGitHub\gov\gov\bin\Release
2017-11-10 15:28:07,217 [10] LogHelper INFO  应用路径：F:\myGitHub\gov\gov\bin\Release\gov.exe
2017-11-10 15:28:07,219 [10] LogHelper INFO  标题：gov
2017-11-10 15:28:07,220 [10] LogHelper INFO  版本：1.0.0.0
2017-11-10 15:28:12,447 [11] TerminalSessionDefender INFO  当前状态：1 # Console # Administrator
2017-11-10 15:32:04,589 [9] LogHelper INFO  平台版本：4.0.30319.42000
2017-11-10 15:32:04,601 [9] LogHelper INFO  操作系统：Microsoft Windows NT 6.1.7601 Service Pack 1
2017-11-10 15:32:04,603 [9] LogHelper INFO  浏览器版本：11.0.9600.16428
2017-11-10 15:32:04,603 [9] LogHelper INFO  管理员身份：True
2017-11-10 15:32:04,603 [9] LogHelper INFO  64位操作系统：True
2017-11-10 15:32:04,603 [9] LogHelper INFO  64位方式运行：True
2017-11-10 15:32:04,603 [9] LogHelper INFO  程序基路径：F:\myGitHub\gov\gov\bin\Release\
2017-11-10 15:32:04,603 [9] LogHelper INFO  当前路径：F:\myGitHub\gov\gov\bin\Release
2017-11-10 15:32:04,604 [9] LogHelper INFO  应用路径：F:\myGitHub\gov\gov\bin\Release\gov.exe
2017-11-10 15:32:04,605 [9] LogHelper INFO  标题：gov
2017-11-10 15:32:04,606 [9] LogHelper INFO  版本：1.0.0.0
2017-11-10 15:32:09,549 [10] TerminalSessionDefender INFO  当前状态：1 # Console # Administrator
2017-11-10 15:36:15,865 [10] LogHelper INFO  平台版本：4.0.30319.42000
2017-11-10 15:36:15,877 [10] LogHelper INFO  操作系统：Microsoft Windows NT 6.1.7601 Service Pack 1
2017-11-10 15:36:15,878 [10] LogHelper INFO  浏览器版本：11.0.9600.16428
2017-11-10 15:36:15,879 [10] LogHelper INFO  管理员身份：True
2017-11-10 15:36:15,879 [10] LogHelper INFO  64位操作系统：True
2017-11-10 15:36:15,879 [10] LogHelper INFO  64位方式运行：True
2017-11-10 15:36:15,879 [10] LogHelper INFO  程序基路径：F:\myGitHub\gov\gov\bin\Release\
2017-11-10 15:36:15,880 [10] LogHelper INFO  当前路径：F:\myGitHub\gov\gov\bin\Release
2017-11-10 15:36:15,880 [10] LogHelper INFO  应用路径：F:\myGitHub\gov\gov\bin\Release\gov.exe
2017-11-10 15:36:15,881 [10] LogHelper INFO  标题：gov
2017-11-10 15:36:15,882 [10] LogHelper INFO  版本：1.0.0.0
2017-11-10 15:36:20,824 [11] TerminalSessionDefender INFO  当前状态：1 # Console # Administrator
2017-11-10 15:51:12,299 [9] LogHelper INFO  平台版本：4.0.30319.42000
2017-11-10 15:51:12,312 [9] LogHelper INFO  操作系统：Microsoft Windows NT 6.1.7601 Service Pack 1
2017-11-10 15:51:12,313 [9] LogHelper INFO  浏览器版本：11.0.9600.16428
2017-11-10 15:51:12,314 [9] LogHelper INFO  管理员身份：True
2017-11-10 15:51:12,314 [9] LogHelper INFO  64位操作系统：True
2017-11-10 15:51:12,314 [9] LogHelper INFO  64位方式运行：True
2017-11-10 15:51:12,314 [9] LogHelper INFO  程序基路径：F:\myGitHub\gov\gov\bin\Release\
2017-11-10 15:51:12,314 [9] LogHelper INFO  当前路径：F:\myGitHub\gov\gov\bin\Release
2017-11-10 15:51:12,315 [9] LogHelper INFO  应用路径：F:\myGitHub\gov\gov\bin\Release\gov.exe
2017-11-10 15:51:12,316 [9] LogHelper INFO  标题：gov
2017-11-10 15:51:12,317 [9] LogHelper INFO  版本：1.0.0.0
2017-11-10 15:51:17,270 [10] TerminalSessionDefender INFO  当前状态：1 # Console # Administrator
2017-11-10 16:11:08,912 [10] LogHelper INFO  平台版本：4.0.30319.42000
2017-11-10 16:11:08,925 [10] LogHelper INFO  操作系统：Microsoft Windows NT 6.1.7601 Service Pack 1
2017-11-10 16:11:08,926 [10] LogHelper INFO  浏览器版本：11.0.9600.16428
2017-11-10 16:11:08,926 [10] LogHelper INFO  管理员身份：True
2017-11-10 16:11:08,926 [10] LogHelper INFO  64位操作系统：True
2017-11-10 16:11:08,926 [10] LogHelper INFO  64位方式运行：True
2017-11-10 16:11:08,927 [10] LogHelper INFO  程序基路径：F:\myGitHub\gov\gov\bin\Release\
2017-11-10 16:11:08,927 [10] LogHelper INFO  当前路径：F:\myGitHub\gov\gov\bin\Release
2017-11-10 16:11:08,927 [10] LogHelper INFO  应用路径：F:\myGitHub\gov\gov\bin\Release\gov.exe
2017-11-10 16:11:08,929 [10] LogHelper INFO  标题：gov
2017-11-10 16:11:08,929 [10] LogHelper INFO  版本：1.0.0.0
2017-11-10 16:11:13,898 [11] TerminalSessionDefender INFO  当前状态：1 # Console # Administrator
2017-11-10 16:31:04,947 [10] LogHelper INFO  平台版本：4.0.30319.42000
2017-11-10 16:31:04,960 [10] LogHelper INFO  操作系统：Microsoft Windows NT 6.1.7601 Service Pack 1
2017-11-10 16:31:04,961 [10] LogHelper INFO  浏览器版本：11.0.9600.16428
2017-11-10 16:31:04,962 [10] LogHelper INFO  管理员身份：True
2017-11-10 16:31:04,962 [10] LogHelper INFO  64位操作系统：True
2017-11-10 16:31:04,962 [10] LogHelper INFO  64位方式运行：True
2017-11-10 16:31:04,962 [10] LogHelper INFO  程序基路径：F:\myGitHub\gov\gov\bin\Release\
2017-11-10 16:31:04,962 [10] LogHelper INFO  当前路径：F:\myGitHub\gov\gov\bin\Release
2017-11-10 16:31:04,963 [10] LogHelper INFO  应用路径：F:\myGitHub\gov\gov\bin\Release\gov.exe
2017-11-10 16:31:04,964 [10] LogHelper INFO  标题：gov
2017-11-10 16:31:04,965 [10] LogHelper INFO  版本：1.0.0.0
2017-11-10 16:31:09,911 [11] TerminalSessionDefender INFO  当前状态：1 # Console # Administrator
2017-11-10 16:33:50,279 [8] LogHelper INFO  平台版本：4.0.30319.42000
2017-11-10 16:33:50,292 [8] LogHelper INFO  操作系统：Microsoft Windows NT 6.1.7601 Service Pack 1
2017-11-10 16:33:50,293 [8] LogHelper INFO  浏览器版本：11.0.9600.16428
2017-11-10 16:33:50,294 [8] LogHelper INFO  管理员身份：True
2017-11-10 16:33:50,294 [8] LogHelper INFO  64位操作系统：True
2017-11-10 16:33:50,294 [8] LogHelper INFO  64位方式运行：True
2017-11-10 16:33:50,294 [8] LogHelper INFO  程序基路径：F:\myGitHub\gov\gov\bin\Release\
2017-11-10 16:33:50,294 [8] LogHelper INFO  当前路径：F:\myGitHub\gov\gov\bin\Release
2017-11-10 16:33:50,295 [8] LogHelper INFO  应用路径：F:\myGitHub\gov\gov\bin\Release\gov.exe
2017-11-10 16:33:50,296 [8] LogHelper INFO  标题：gov
2017-11-10 16:33:50,297 [8] LogHelper INFO  版本：1.0.0.0
2017-11-10 16:33:55,251 [9] TerminalSessionDefender INFO  当前状态：1 # Console # Administrator
2017-11-10 16:47:40,681 [9] LogHelper INFO  平台版本：4.0.30319.42000
2017-11-10 16:47:40,694 [9] LogHelper INFO  操作系统：Microsoft Windows NT 6.1.7601 Service Pack 1
2017-11-10 16:47:40,696 [9] LogHelper INFO  浏览器版本：11.0.9600.16428
2017-11-10 16:47:40,696 [9] LogHelper INFO  管理员身份：True
2017-11-10 16:47:40,697 [9] LogHelper INFO  64位操作系统：True
2017-11-10 16:47:40,697 [9] LogHelper INFO  64位方式运行：True
2017-11-10 16:47:40,697 [9] LogHelper INFO  程序基路径：F:\myGitHub\gov\gov\bin\Release\
2017-11-10 16:47:40,697 [9] LogHelper INFO  当前路径：F:\myGitHub\gov\gov\bin\Release
2017-11-10 16:47:40,697 [9] LogHelper INFO  应用路径：F:\myGitHub\gov\gov\bin\Release\gov.exe
2017-11-10 16:47:40,699 [9] LogHelper INFO  标题：gov
2017-11-10 16:47:40,700 [9] LogHelper INFO  版本：1.0.0.0
2017-11-10 16:47:45,638 [10] TerminalSessionDefender INFO  当前状态：1 # Console # Administrator
2017-11-10 17:25:36,581 [9] LogHelper INFO  平台版本：4.0.30319.42000
2017-11-10 17:25:36,594 [9] LogHelper INFO  操作系统：Microsoft Windows NT 6.1.7601 Service Pack 1
2017-11-10 17:25:36,596 [9] LogHelper INFO  浏览器版本：11.0.9600.16428
2017-11-10 17:25:36,596 [9] LogHelper INFO  管理员身份：True
2017-11-10 17:25:36,596 [9] LogHelper INFO  64位操作系统：True
2017-11-10 17:25:36,596 [9] LogHelper INFO  64位方式运行：True
2017-11-10 17:25:36,596 [9] LogHelper INFO  程序基路径：F:\myGitHub\gov\gov\bin\Release\
2017-11-10 17:25:36,597 [9] LogHelper INFO  当前路径：F:\myGitHub\gov\gov\bin\Release
2017-11-10 17:25:36,597 [9] LogHelper INFO  应用路径：F:\myGitHub\gov\gov\bin\Release\gov.exe
2017-11-10 17:25:36,599 [9] LogHelper INFO  标题：gov
2017-11-10 17:25:36,599 [9] LogHelper INFO  版本：1.0.0.0
2017-11-10 17:25:41,565 [6] TerminalSessionDefender INFO  当前状态：1 # Console # Administrator
2017-11-10 17:47:07,655 [10] LogHelper INFO  平台版本：4.0.30319.42000
2017-11-10 17:47:07,668 [10] LogHelper INFO  操作系统：Microsoft Windows NT 6.1.7601 Service Pack 1
2017-11-10 17:47:07,669 [10] LogHelper INFO  浏览器版本：11.0.9600.16428
2017-11-10 17:47:07,669 [10] LogHelper INFO  管理员身份：True
2017-11-10 17:47:07,670 [10] LogHelper INFO  64位操作系统：True
2017-11-10 17:47:07,670 [10] LogHelper INFO  64位方式运行：True
2017-11-10 17:47:07,670 [10] LogHelper INFO  程序基路径：F:\myGitHub\gov\gov\bin\Release\
2017-11-10 17:47:07,670 [10] LogHelper INFO  当前路径：F:\myGitHub\gov\gov\bin\Release
2017-11-10 17:47:07,670 [10] LogHelper INFO  应用路径：F:\myGitHub\gov\gov\bin\Release\gov.exe
2017-11-10 17:47:07,672 [10] LogHelper INFO  标题：gov
2017-11-10 17:47:07,672 [10] LogHelper INFO  版本：1.0.0.0
2017-11-10 17:47:12,628 [11] TerminalSessionDefender INFO  当前状态：1 # Console # Administrator
